[debug] [2024-10-21T10:09:00.804Z] ----------------------------------------------------------------------
[debug] [2024-10-21T10:09:00.808Z] Command:       C:\Program Files\nodejs\node.exe C:\Users\SAFAE\AppData\Roaming\npm\node_modules\firebase-tools\lib\bin\firebase.js login
[debug] [2024-10-21T10:09:00.808Z] CLI Version:   13.22.1
[debug] [2024-10-21T10:09:00.808Z] Platform:      win32
[debug] [2024-10-21T10:09:00.808Z] Node Version:  v20.15.0
[debug] [2024-10-21T10:09:00.808Z] Time:          Mon Oct 21 2024 12:09:00 GMT+0200 (heure d’été d’Europe centrale)
[debug] [2024-10-21T10:09:00.809Z] ----------------------------------------------------------------------
[debug] 
[debug] [2024-10-21T10:09:00.813Z] >>> [apiv2][query] GET https://firebase-public.firebaseio.com/cli.json [none]
[info] i  Firebase optionally collects CLI and Emulator Suite usage and error reporting information to help improve our products. Data is collected in accordance with Google's privacy policy (https://policies.google.com/privacy) and is not used to identify you.
 
[debug] [2024-10-21T10:09:02.646Z] <<< [apiv2][status] GET https://firebase-public.firebaseio.com/cli.json 200
[debug] [2024-10-21T10:09:02.647Z] <<< [apiv2][body] GET https://firebase-public.firebaseio.com/cli.json {"cloudBuildErrorAfter":1594252800000,"cloudBuildWarnAfter":1590019200000,"defaultNode10After":1594252800000,"minVersion":"3.0.5","node8DeploysDisabledAfter":1613390400000,"node8RuntimeDisabledAfter":1615809600000,"node8WarnAfter":1600128000000}
[info] 
[info] Visit this URL on this device to log in:
[info] https://accounts.google.com/o/oauth2/auth?client_id=563584335869-fgrhgmd47bqnekij5i8b5pr03ho849e6.apps.googleusercontent.com&scope=email%20openid%20https%3A%2F%2Fwww.googleapis.com%2Fauth%2Fcloudplatformprojects.readonly%20https%3A%2F%2Fwww.googleapis.com%2Fauth%2Ffirebase%20https%3A%2F%2Fwww.googleapis.com%2Fauth%2Fcloud-platform&response_type=code&state=150057837&redirect_uri=http%3A%2F%2Flocalhost%3A9005
[info] 
[info] Waiting for authentication...
[debug] [2024-10-21T10:11:00.980Z] >>> [apiv2][query] POST https://auth.firebase.tools/attest [none]
[debug] [2024-10-21T10:11:00.980Z] >>> [apiv2][body] POST https://auth.firebase.tools/attest {"session_id":"df13640f-f6bd-4b83-92cb-dc8074aad63b"}
[debug] [2024-10-21T10:11:07.336Z] <<< [apiv2][status] POST https://auth.firebase.tools/attest 200
[debug] [2024-10-21T10:11:07.337Z] <<< [apiv2][body] POST https://auth.firebase.tools/attest {"token":"K9ogvQ0kUOnwoodOnhXWj0woXXGPKpUv7wLMRTgUuCw"}
[info] 
[info] To sign in to the Firebase CLI:
[info] 
[info] 1. Take note of your session ID:
[info] 
[info]    DF136
[info] 
[info] 2. Visit the URL below on any device and follow the instructions to get your code:
[info] 
[info]    https://auth.firebase.tools/login?code_challenge=TGwFB75w6xsaIS4p4dIW9g2MKwgVNg_9AWdbTRmQIt0&session=df13640f-f6bd-4b83-92cb-dc8074aad63b&attest=K9ogvQ0kUOnwoodOnhXWj0woXXGPKpUv7wLMRTgUuCw
[info] 
[info] 3. Paste or enter the authorization code below once you have it:
[info] 
